[2026-05-22T20:20:28+00:00][error] [0]Unable to resolve NULL driver for [think\Cache].
[2026-05-22T20:20:31+00:00][error] [0]Unable to resolve NULL driver for [think\Cache].
[2026-05-22T20:21:21+00:00][sql] CONNECT:[ UseTime:0.000775s ] mysql:host=db;port=3306;dbname=campus;charset=utf8mb4
[2026-05-22T20:21:21+00:00][sql] SHOW FULL COLUMNS FROM `users` [ RunTime:0.001801s ]
[2026-05-22T20:21:21+00:00][sql] SELECT COUNT(*) AS think_count FROM `users` WHERE  `username` = 'admin' LIMIT 1 [ RunTime:0.000340s ]
[2026-05-22T20:21:21+00:00][sql] UPDATE `users`  SET `password_hash` = '$2y$12$zDUwB4ItX36B975s/s0RHeKxM/ugDI3QNvfuKWBhO/.YD2tMFApwW' , `updated_at` = '2026-05-22 20:21:21'  WHERE  `username` = 'admin' [ RunTime:0.000849s ]
[2026-05-22T20:21:21+00:00][sql] SELECT COUNT(*) AS think_count FROM `users` WHERE  `username` = 'ops_user' LIMIT 1 [ RunTime:0.000282s ]
[2026-05-22T20:21:21+00:00][sql] UPDATE `users`  SET `password_hash` = '$2y$12$ZblHcdiEOvx9xsB6U.IE8.9lMd/OUaymS0QzGBpax6Fa2mOcmJOMa' , `updated_at` = '2026-05-22 20:21:21'  WHERE  `username` = 'ops_user' [ RunTime:0.001159s ]
[2026-05-22T20:21:21+00:00][sql] SELECT COUNT(*) AS think_count FROM `users` WHERE  `username` = 'team_lead' LIMIT 1 [ RunTime:0.000291s ]
[2026-05-22T20:21:21+00:00][sql] UPDATE `users`  SET `password_hash` = '$2y$12$qjRa8eyBz6Dw5MXAV4WDf.qwGsnrXh6MwJrPSjJjxVFl6W1NF7pea' , `updated_at` = '2026-05-22 20:21:21'  WHERE  `username` = 'team_lead' [ RunTime:0.001379s ]
[2026-05-22T20:21:22+00:00][sql] SELECT COUNT(*) AS think_count FROM `users` WHERE  `username` = 'reviewer' LIMIT 1 [ RunTime:0.000316s ]
[2026-05-22T20:21:22+00:00][sql] UPDATE `users`  SET `password_hash` = '$2y$12$IU3cvk6Ik5nTX4P7d6ZvB.H2xXt5i/VHJTLTVba7KzTJRwzWCohGK' , `updated_at` = '2026-05-22 20:21:22'  WHERE  `username` = 'reviewer' [ RunTime:0.001482s ]
[2026-05-22T20:21:22+00:00][sql] SELECT COUNT(*) AS think_count FROM `users` WHERE  `username` = 'user1' LIMIT 1 [ RunTime:0.000320s ]
[2026-05-22T20:21:22+00:00][sql] UPDATE `users`  SET `password_hash` = '$2y$12$l2ErnwarDOhqkP4jFXNMxuNjUcJHG9GpL/ubefs8VzwKXIpyfDnji' , `updated_at` = '2026-05-22 20:21:22'  WHERE  `username` = 'user1' [ RunTime:0.001290s ]
[2026-05-22T20:21:22+00:00][sql] SELECT COUNT(*) AS think_count FROM `users` WHERE  `username` = 'user2' LIMIT 1 [ RunTime:0.000306s ]
[2026-05-22T20:21:22+00:00][sql] UPDATE `users`  SET `password_hash` = '$2y$12$n5Oet0Mi0PcN5mFse.h6sOCSPRZlv1uAE.g5b2.HzSmuhSkqbSxam' , `updated_at` = '2026-05-22 20:21:22'  WHERE  `username` = 'user2' [ RunTime:0.001103s ]
[2026-05-22T20:21:22+00:00][error] [0]Undefined constant app\command\SeedDatabase::SUCCESS
[2026-05-22T20:24:21+00:00][sql] CONNECT:[ UseTime:0.001000s ] mysql:host=db;port=3306;dbname=campus;charset=utf8mb4
[2026-05-22T20:24:21+00:00][sql] SHOW FULL COLUMNS FROM `users` [ RunTime:0.004145s ]
[2026-05-22T20:24:21+00:00][sql] SELECT COUNT(*) AS think_count FROM `users` WHERE  `username` = 'admin' LIMIT 1 [ RunTime:0.010721s ]
[2026-05-22T20:24:21+00:00][sql] UPDATE `users`  SET `password_hash` = '$2y$12$UOoatk7wt78bhzq1LauCHOftj4HmTZF4avkpMOn8BfschrcaOn1ga' , `updated_at` = '2026-05-22 20:24:21'  WHERE  `username` = 'admin' [ RunTime:0.001699s ]
[2026-05-22T20:24:21+00:00][sql] SELECT COUNT(*) AS think_count FROM `users` WHERE  `username` = 'ops_user' LIMIT 1 [ RunTime:0.000360s ]
[2026-05-22T20:24:21+00:00][sql] UPDATE `users`  SET `password_hash` = '$2y$12$L9mszdmMCVXvrDSyduugxucoUf.1387Be7jgTKYUPJ0YinrQsmnhq' , `updated_at` = '2026-05-22 20:24:21'  WHERE  `username` = 'ops_user' [ RunTime:0.001918s ]
[2026-05-22T20:24:22+00:00][sql] SELECT COUNT(*) AS think_count FROM `users` WHERE  `username` = 'team_lead' LIMIT 1 [ RunTime:0.000362s ]
[2026-05-22T20:24:22+00:00][sql] UPDATE `users`  SET `password_hash` = '$2y$12$EKnsHgQRlHbzpjztYBTc1O7Ue2z7LRPI./lsp6w.cVdApFuvuxvqC' , `updated_at` = '2026-05-22 20:24:22'  WHERE  `username` = 'team_lead' [ RunTime:0.001791s ]
[2026-05-22T20:24:22+00:00][sql] SELECT COUNT(*) AS think_count FROM `users` WHERE  `username` = 'reviewer' LIMIT 1 [ RunTime:0.000335s ]
[2026-05-22T20:24:22+00:00][sql] UPDATE `users`  SET `password_hash` = '$2y$12$X1ZtuUSZb.gqdUO5OxGfIug.YKa4zhY/vGjW8QCn2lpCbRQLna76C' , `updated_at` = '2026-05-22 20:24:22'  WHERE  `username` = 'reviewer' [ RunTime:0.001409s ]
[2026-05-22T20:24:22+00:00][sql] SELECT COUNT(*) AS think_count FROM `users` WHERE  `username` = 'user1' LIMIT 1 [ RunTime:0.000344s ]
[2026-05-22T20:24:22+00:00][sql] UPDATE `users`  SET `password_hash` = '$2y$12$1Tx4OHH.HU.HBB84p6e/ne5EctjNhKPa9.mOk.qMKDlWoc7y8CmRm' , `updated_at` = '2026-05-22 20:24:22'  WHERE  `username` = 'user1' [ RunTime:0.001459s ]
[2026-05-22T20:24:22+00:00][sql] SELECT COUNT(*) AS think_count FROM `users` WHERE  `username` = 'user2' LIMIT 1 [ RunTime:0.000331s ]
[2026-05-22T20:24:22+00:00][sql] UPDATE `users`  SET `password_hash` = '$2y$12$5qVTDtbTzfm/sAXbrzHrgOxhVFUkNVYLWeUKACCeliUx5qpfvxjo2' , `updated_at` = '2026-05-22 20:24:22'  WHERE  `username` = 'user2' [ RunTime:0.001101s ]
[2026-05-22T20:24:22+00:00][error] [0]Undefined constant app\command\SeedDatabase::SUCCESS
[2026-05-22T20:24:40+00:00][error] [0]Class "app\exception\AuthException" not found
[2026-05-22T20:24:40+00:00][error] [0]Class "app\exception\AuthException" not found
[2026-05-22T20:24:40+00:00][error] [8192]htmlentities(): Passing null to parameter #1 ($string) of type string is deprecated
[2026-05-22T20:24:40+00:00][error] [8192]htmlentities(): Passing null to parameter #1 ($string) of type string is deprecated
[2026-05-22T20:24:40+00:00][error] [8192]htmlentities(): Passing null to parameter #1 ($string) of type string is deprecated
[2026-05-22T20:24:40+00:00][error] [8192]htmlentities(): Passing null to parameter #1 ($string) of type string is deprecated
[2026-05-22T20:24:40+00:00][error] [8192]htmlentities(): Passing null to parameter #1 ($string) of type string is deprecated
[2026-05-22T20:24:40+00:00][error] [8192]htmlentities(): Passing null to parameter #1 ($string) of type string is deprecated
[2026-05-22T20:24:40+00:00][error] [1]Uncaught think\exception\ErrorException: htmlentities(): Passing null to parameter #1 ($string) of type string is deprecated in /app/vendor/topthink/framework/src/tpl/think_exception.tpl:346
Stack trace:
#0 [internal function]: think\initializer\Error->appError(8192, 'htmlentities():...', '/app/vendor/top...', 346)
#1 /app/vendor/topthink/framework/src/tpl/think_exception.tpl(346): htmlentities(NULL)
#2 /app/vendor/topthink/framework/src/think/exception/Handle.php(224): include('/app/vendor/top...')
#3 /app/vendor/topthink/framework/src/think/exception/Handle.php(206): think\exception\Handle->renderExceptionContent(Object(think\exception\ErrorException))
#4 /app/vendor/topthink/framework/src/think/exception/Handle.php(111): think\exception\Handle->convertExceptionToResponse(Object(think\exception\ErrorException))
#5 /app/vendor/topthink/framework/src/think/initializer/Error.php(58): think\exception\Handle->render(Object(think\Request), Object(think\exception\ErrorException))
#6 [internal function]: think\initializer\Error->appException(Object(think\exception\ErrorException))
#7 {main}
  thrown
[2026-05-22T20:24:40+00:00][error] [1]Uncaught think\exception\ErrorException: htmlentities(): Passing null to parameter #1 ($string) of type string is deprecated in /app/vendor/topthink/framework/src/tpl/think_exception.tpl:346
Stack trace:
#0 [internal function]: think\initializer\Error->appError(8192, 'htmlentities():...', '/app/vendor/top...', 346)
#1 /app/vendor/topthink/framework/src/tpl/think_exception.tpl(346): htmlentities(NULL)
#2 /app/vendor/topthink/framework/src/think/exception/Handle.php(224): include('/app/vendor/top...')
#3 /app/vendor/topthink/framework/src/think/exception/Handle.php(206): think\exception\Handle->renderExceptionContent(Object(think\exception\ErrorException))
#4 /app/vendor/topthink/framework/src/think/exception/Handle.php(111): think\exception\Handle->convertExceptionToResponse(Object(think\exception\ErrorException))
#5 /app/vendor/topthink/framework/src/think/initializer/Error.php(58): think\exception\Handle->render(Object(think\Request), Object(think\exception\ErrorException))
#6 [internal function]: think\initializer\Error->appException(Object(think\exception\ErrorException))
#7 {main}
  thrown
[2026-05-22T20:24:41+00:00][error] [0]Class "app\exception\AuthException" not found
[2026-05-22T20:24:41+00:00][error] [0]Class "app\exception\AuthException" not found
[2026-05-22T20:24:41+00:00][error] [8192]htmlentities(): Passing null to parameter #1 ($string) of type string is deprecated
[2026-05-22T20:24:41+00:00][error] [8192]htmlentities(): Passing null to parameter #1 ($string) of type string is deprecated
[2026-05-22T20:24:41+00:00][error] [8192]htmlentities(): Passing null to parameter #1 ($string) of type string is deprecated
[2026-05-22T20:24:41+00:00][error] [8192]htmlentities(): Passing null to parameter #1 ($string) of type string is deprecated
[2026-05-22T20:24:41+00:00][error] [8192]htmlentities(): Passing null to parameter #1 ($string) of type string is deprecated
[2026-05-22T20:24:41+00:00][error] [8192]htmlentities(): Passing null to parameter #1 ($string) of type string is deprecated
[2026-05-22T20:24:41+00:00][error] [1]Uncaught think\exception\ErrorException: htmlentities(): Passing null to parameter #1 ($string) of type string is deprecated in /app/vendor/topthink/framework/src/tpl/think_exception.tpl:346
Stack trace:
#0 [internal function]: think\initializer\Error->appError(8192, 'htmlentities():...', '/app/vendor/top...', 346)
#1 /app/vendor/topthink/framework/src/tpl/think_exception.tpl(346): htmlentities(NULL)
#2 /app/vendor/topthink/framework/src/think/exception/Handle.php(224): include('/app/vendor/top...')
#3 /app/vendor/topthink/framework/src/think/exception/Handle.php(206): think\exception\Handle->renderExceptionContent(Object(think\exception\ErrorException))
#4 /app/vendor/topthink/framework/src/think/exception/Handle.php(111): think\exception\Handle->convertExceptionToResponse(Object(think\exception\ErrorException))
#5 /app/vendor/topthink/framework/src/think/initializer/Error.php(58): think\exception\Handle->render(Object(think\Request), Object(think\exception\ErrorException))
#6 [internal function]: think\initializer\Error->appException(Object(think\exception\ErrorException))
#7 {main}
  thrown
[2026-05-22T20:24:41+00:00][error] [1]Uncaught think\exception\ErrorException: htmlentities(): Passing null to parameter #1 ($string) of type string is deprecated in /app/vendor/topthink/framework/src/tpl/think_exception.tpl:346
Stack trace:
#0 [internal function]: think\initializer\Error->appError(8192, 'htmlentities():...', '/app/vendor/top...', 346)
#1 /app/vendor/topthink/framework/src/tpl/think_exception.tpl(346): htmlentities(NULL)
#2 /app/vendor/topthink/framework/src/think/exception/Handle.php(224): include('/app/vendor/top...')
#3 /app/vendor/topthink/framework/src/think/exception/Handle.php(206): think\exception\Handle->renderExceptionContent(Object(think\exception\ErrorException))
#4 /app/vendor/topthink/framework/src/think/exception/Handle.php(111): think\exception\Handle->convertExceptionToResponse(Object(think\exception\ErrorException))
#5 /app/vendor/topthink/framework/src/think/initializer/Error.php(58): think\exception\Handle->render(Object(think\Request), Object(think\exception\ErrorException))
#6 [internal function]: think\initializer\Error->appException(Object(think\exception\ErrorException))
#7 {main}
  thrown
[2026-05-22T20:24:42+00:00][error] [0]Class "app\exception\AuthException" not found
[2026-05-22T20:24:42+00:00][error] [0]Class "app\exception\AuthException" not found
[2026-05-22T20:24:42+00:00][error] [8192]htmlentities(): Passing null to parameter #1 ($string) of type string is deprecated
[2026-05-22T20:24:42+00:00][error] [8192]htmlentities(): Passing null to parameter #1 ($string) of type string is deprecated
[2026-05-22T20:24:42+00:00][error] [8192]htmlentities(): Passing null to parameter #1 ($string) of type string is deprecated
[2026-05-22T20:24:42+00:00][error] [8192]htmlentities(): Passing null to parameter #1 ($string) of type string is deprecated
[2026-05-22T20:24:42+00:00][error] [8192]htmlentities(): Passing null to parameter #1 ($string) of type string is deprecated
[2026-05-22T20:24:42+00:00][error] [8192]htmlentities(): Passing null to parameter #1 ($string) of type string is deprecated
[2026-05-22T20:24:42+00:00][error] [1]Uncaught think\exception\ErrorException: htmlentities(): Passing null to parameter #1 ($string) of type string is deprecated in /app/vendor/topthink/framework/src/tpl/think_exception.tpl:346
Stack trace:
#0 [internal function]: think\initializer\Error->appError(8192, 'htmlentities():...', '/app/vendor/top...', 346)
#1 /app/vendor/topthink/framework/src/tpl/think_exception.tpl(346): htmlentities(NULL)
#2 /app/vendor/topthink/framework/src/think/exception/Handle.php(224): include('/app/vendor/top...')
#3 /app/vendor/topthink/framework/src/think/exception/Handle.php(206): think\exception\Handle->renderExceptionContent(Object(think\exception\ErrorException))
#4 /app/vendor/topthink/framework/src/think/exception/Handle.php(111): think\exception\Handle->convertExceptionToResponse(Object(think\exception\ErrorException))
#5 /app/vendor/topthink/framework/src/think/initializer/Error.php(58): think\exception\Handle->render(Object(think\Request), Object(think\exception\ErrorException))
#6 [internal function]: think\initializer\Error->appException(Object(think\exception\ErrorException))
#7 {main}
  thrown
[2026-05-22T20:24:42+00:00][error] [1]Uncaught think\exception\ErrorException: htmlentities(): Passing null to parameter #1 ($string) of type string is deprecated in /app/vendor/topthink/framework/src/tpl/think_exception.tpl:346
Stack trace:
#0 [internal function]: think\initializer\Error->appError(8192, 'htmlentities():...', '/app/vendor/top...', 346)
#1 /app/vendor/topthink/framework/src/tpl/think_exception.tpl(346): htmlentities(NULL)
#2 /app/vendor/topthink/framework/src/think/exception/Handle.php(224): include('/app/vendor/top...')
#3 /app/vendor/topthink/framework/src/think/exception/Handle.php(206): think\exception\Handle->renderExceptionContent(Object(think\exception\ErrorException))
#4 /app/vendor/topthink/framework/src/think/exception/Handle.php(111): think\exception\Handle->convertExceptionToResponse(Object(think\exception\ErrorException))
#5 /app/vendor/topthink/framework/src/think/initializer/Error.php(58): think\exception\Handle->render(Object(think\Request), Object(think\exception\ErrorException))
#6 [internal function]: think\initializer\Error->appException(Object(think\exception\ErrorException))
#7 {main}
  thrown
[2026-05-22T20:24:42+00:00][error] [0]Class "app\exception\AuthException" not found
[2026-05-22T20:24:42+00:00][error] [8192]htmlentities(): Passing null to parameter #1 ($string) of type string is deprecated
[2026-05-22T20:24:42+00:00][error] [8192]htmlentities(): Passing null to parameter #1 ($string) of type string is deprecated
[2026-05-22T20:24:42+00:00][error] [8192]htmlentities(): Passing null to parameter #1 ($string) of type string is deprecated
[2026-05-22T20:24:42+00:00][error] [1]Uncaught think\exception\ErrorException: htmlentities(): Passing null to parameter #1 ($string) of type string is deprecated in /app/vendor/topthink/framework/src/tpl/think_exception.tpl:346
Stack trace:
#0 [internal function]: think\initializer\Error->appError(8192, 'htmlentities():...', '/app/vendor/top...', 346)
#1 /app/vendor/topthink/framework/src/tpl/think_exception.tpl(346): htmlentities(NULL)
#2 /app/vendor/topthink/framework/src/think/exception/Handle.php(224): include('/app/vendor/top...')
#3 /app/vendor/topthink/framework/src/think/exception/Handle.php(206): think\exception\Handle->renderExceptionContent(Object(think\exception\ErrorException))
#4 /app/vendor/topthink/framework/src/think/exception/Handle.php(111): think\exception\Handle->convertExceptionToResponse(Object(think\exception\ErrorException))
#5 /app/vendor/topthink/framework/src/think/initializer/Error.php(58): think\exception\Handle->render(Object(think\Request), Object(think\exception\ErrorException))
#6 [internal function]: think\initializer\Error->appException(Object(think\exception\ErrorException))
#7 {main}
  thrown
[2026-05-22T20:24:43+00:00][sql] CONNECT:[ UseTime:0.002450s ] mysql:host=db;port=3306;dbname=campus;charset=utf8mb4
[2026-05-22T20:24:43+00:00][sql] SHOW FULL COLUMNS FROM `users` [ RunTime:0.004326s ]
[2026-05-22T20:24:43+00:00][sql] SELECT * FROM `users` WHERE  `username` = 'admin' LIMIT 1 [ RunTime:0.000535s ]
[2026-05-22T20:24:43+00:00][sql] UPDATE `users`  SET `failed_attempts` = 0 , `locked_until` = NULL  WHERE  `id` = 1 [ RunTime:0.000658s ]
[2026-05-22T20:24:43+00:00][sql] SHOW FULL COLUMNS FROM `audit_log` [ RunTime:0.002020s ]
[2026-05-22T20:24:43+00:00][sql] INSERT INTO `audit_log` SET `user_id` = 1 , `action` = 'login' , `entity_type` = 'user' , `entity_id` = 1 , `payload` = '[]' [ RunTime:0.001413s ]
[2026-05-22T20:24:43+00:00][info] login_success
[2026-05-22T20:24:43+00:00][error] [0]Class "app\exception\AuthException" not found
[2026-05-22T20:24:43+00:00][error] [8192]htmlentities(): Passing null to parameter #1 ($string) of type string is deprecated
[2026-05-22T20:24:43+00:00][error] [8192]htmlentities(): Passing null to parameter #1 ($string) of type string is deprecated
[2026-05-22T20:24:43+00:00][error] [8192]htmlentities(): Passing null to parameter #1 ($string) of type string is deprecated
[2026-05-22T20:24:43+00:00][error] [1]Uncaught think\exception\ErrorException: htmlentities(): Passing null to parameter #1 ($string) of type string is deprecated in /app/vendor/topthink/framework/src/tpl/think_exception.tpl:346
Stack trace:
#0 [internal function]: think\initializer\Error->appError(8192, 'htmlentities():...', '/app/vendor/top...', 346)
#1 /app/vendor/topthink/framework/src/tpl/think_exception.tpl(346): htmlentities(NULL)
#2 /app/vendor/topthink/framework/src/think/exception/Handle.php(224): include('/app/vendor/top...')
#3 /app/vendor/topthink/framework/src/think/exception/Handle.php(206): think\exception\Handle->renderExceptionContent(Object(think\exception\ErrorException))
#4 /app/vendor/topthink/framework/src/think/exception/Handle.php(111): think\exception\Handle->convertExceptionToResponse(Object(think\exception\ErrorException))
#5 /app/vendor/topthink/framework/src/think/initializer/Error.php(58): think\exception\Handle->render(Object(think\Request), Object(think\exception\ErrorException))
#6 [internal function]: think\initializer\Error->appException(Object(think\exception\ErrorException))
#7 {main}
  thrown
[2026-05-22T20:24:56+00:00][sql] CONNECT:[ UseTime:0.001177s ] mysql:host=db;port=3306;dbname=campus;charset=utf8mb4
[2026-05-22T20:24:56+00:00][sql] SHOW FULL COLUMNS FROM `users` [ RunTime:0.001899s ]
[2026-05-22T20:24:56+00:00][sql] SELECT * FROM `users` WHERE  `username` = 'admin' LIMIT 1 [ RunTime:0.000554s ]
[2026-05-22T20:24:56+00:00][sql] UPDATE `users`  SET `failed_attempts` = 0 , `locked_until` = NULL  WHERE  `id` = 1 [ RunTime:0.000707s ]
[2026-05-22T20:24:56+00:00][sql] SHOW FULL COLUMNS FROM `audit_log` [ RunTime:0.000808s ]
[2026-05-22T20:24:56+00:00][sql] INSERT INTO `audit_log` SET `user_id` = 1 , `action` = 'login' , `entity_type` = 'user' , `entity_id` = 1 , `payload` = '[]' [ RunTime:0.000280s ]
[2026-05-22T20:24:56+00:00][info] login_success
[2026-05-22T20:24:56+00:00][info] request
[2026-05-22T20:24:56+00:00][error] [64]Cannot declare class app\controller\Activity because the name is already in use
[2026-05-22T20:24:59+00:00][error] [0]Class "app\exception\AuthException" not found
[2026-05-22T20:24:59+00:00][error] [0]Class "app\exception\AuthException" not found
[2026-05-22T20:24:59+00:00][error] [8192]htmlentities(): Passing null to parameter #1 ($string) of type string is deprecated
[2026-05-22T20:24:59+00:00][error] [8192]htmlentities(): Passing null to parameter #1 ($string) of type string is deprecated
[2026-05-22T20:24:59+00:00][error] [8192]htmlentities(): Passing null to parameter #1 ($string) of type string is deprecated
[2026-05-22T20:24:59+00:00][error] [8192]htmlentities(): Passing null to parameter #1 ($string) of type string is deprecated
[2026-05-22T20:24:59+00:00][error] [8192]htmlentities(): Passing null to parameter #1 ($string) of type string is deprecated
[2026-05-22T20:24:59+00:00][error] [8192]htmlentities(): Passing null to parameter #1 ($string) of type string is deprecated
[2026-05-22T20:24:59+00:00][error] [1]Uncaught think\exception\ErrorException: htmlentities(): Passing null to parameter #1 ($string) of type string is deprecated in /app/vendor/topthink/framework/src/tpl/think_exception.tpl:346
Stack trace:
#0 [internal function]: think\initializer\Error->appError(8192, 'htmlentities():...', '/app/vendor/top...', 346)
#1 /app/vendor/topthink/framework/src/tpl/think_exception.tpl(346): htmlentities(NULL)
#2 /app/vendor/topthink/framework/src/think/exception/Handle.php(224): include('/app/vendor/top...')
#3 /app/vendor/topthink/framework/src/think/exception/Handle.php(206): think\exception\Handle->renderExceptionContent(Object(think\exception\ErrorException))
#4 /app/vendor/topthink/framework/src/think/exception/Handle.php(111): think\exception\Handle->convertExceptionToResponse(Object(think\exception\ErrorException))
#5 /app/vendor/topthink/framework/src/think/initializer/Error.php(58): think\exception\Handle->render(Object(think\Request), Object(think\exception\ErrorException))
#6 [internal function]: think\initializer\Error->appException(Object(think\exception\ErrorException))
#7 {main}
  thrown
[2026-05-22T20:24:59+00:00][error] [1]Uncaught think\exception\ErrorException: htmlentities(): Passing null to parameter #1 ($string) of type string is deprecated in /app/vendor/topthink/framework/src/tpl/think_exception.tpl:346
Stack trace:
#0 [internal function]: think\initializer\Error->appError(8192, 'htmlentities():...', '/app/vendor/top...', 346)
#1 /app/vendor/topthink/framework/src/tpl/think_exception.tpl(346): htmlentities(NULL)
#2 /app/vendor/topthink/framework/src/think/exception/Handle.php(224): include('/app/vendor/top...')
#3 /app/vendor/topthink/framework/src/think/exception/Handle.php(206): think\exception\Handle->renderExceptionContent(Object(think\exception\ErrorException))
#4 /app/vendor/topthink/framework/src/think/exception/Handle.php(111): think\exception\Handle->convertExceptionToResponse(Object(think\exception\ErrorException))
#5 /app/vendor/topthink/framework/src/think/initializer/Error.php(58): think\exception\Handle->render(Object(think\Request), Object(think\exception\ErrorException))
#6 [internal function]: think\initializer\Error->appException(Object(think\exception\ErrorException))
#7 {main}
  thrown
[2026-05-22T20:25:00+00:00][error] [0]Class "app\exception\AuthException" not found
[2026-05-22T20:25:00+00:00][error] [8192]htmlentities(): Passing null to parameter #1 ($string) of type string is deprecated
[2026-05-22T20:25:00+00:00][error] [8192]htmlentities(): Passing null to parameter #1 ($string) of type string is deprecated
[2026-05-22T20:25:00+00:00][error] [8192]htmlentities(): Passing null to parameter #1 ($string) of type string is deprecated
[2026-05-22T20:25:00+00:00][error] [1]Uncaught think\exception\ErrorException: htmlentities(): Passing null to parameter #1 ($string) of type string is deprecated in /app/vendor/topthink/framework/src/tpl/think_exception.tpl:346
Stack trace:
#0 [internal function]: think\initializer\Error->appError(8192, 'htmlentities():...', '/app/vendor/top...', 346)
#1 /app/vendor/topthink/framework/src/tpl/think_exception.tpl(346): htmlentities(NULL)
#2 /app/vendor/topthink/framework/src/think/exception/Handle.php(224): include('/app/vendor/top...')
#3 /app/vendor/topthink/framework/src/think/exception/Handle.php(206): think\exception\Handle->renderExceptionContent(Object(think\exception\ErrorException))
#4 /app/vendor/topthink/framework/src/think/exception/Handle.php(111): think\exception\Handle->convertExceptionToResponse(Object(think\exception\ErrorException))
#5 /app/vendor/topthink/framework/src/think/initializer/Error.php(58): think\exception\Handle->render(Object(think\Request), Object(think\exception\ErrorException))
#6 [internal function]: think\initializer\Error->appException(Object(think\exception\ErrorException))
#7 {main}
  thrown
[2026-05-22T20:25:00+00:00][error] [0]Class "app\exception\AuthException" not found
[2026-05-22T20:25:00+00:00][error] [8192]htmlentities(): Passing null to parameter #1 ($string) of type string is deprecated
[2026-05-22T20:25:00+00:00][error] [8192]htmlentities(): Passing null to parameter #1 ($string) of type string is deprecated
[2026-05-22T20:25:00+00:00][error] [8192]htmlentities(): Passing null to parameter #1 ($string) of type string is deprecated
[2026-05-22T20:25:00+00:00][error] [1]Uncaught think\exception\ErrorException: htmlentities(): Passing null to parameter #1 ($string) of type string is deprecated in /app/vendor/topthink/framework/src/tpl/think_exception.tpl:346
Stack trace:
#0 [internal function]: think\initializer\Error->appError(8192, 'htmlentities():...', '/app/vendor/top...', 346)
#1 /app/vendor/topthink/framework/src/tpl/think_exception.tpl(346): htmlentities(NULL)
#2 /app/vendor/topthink/framework/src/think/exception/Handle.php(224): include('/app/vendor/top...')
#3 /app/vendor/topthink/framework/src/think/exception/Handle.php(206): think\exception\Handle->renderExceptionContent(Object(think\exception\ErrorException))
#4 /app/vendor/topthink/framework/src/think/exception/Handle.php(111): think\exception\Handle->convertExceptionToResponse(Object(think\exception\ErrorException))
#5 /app/vendor/topthink/framework/src/think/initializer/Error.php(58): think\exception\Handle->render(Object(think\Request), Object(think\exception\ErrorException))
#6 [internal function]: think\initializer\Error->appException(Object(think\exception\ErrorException))
#7 {main}
  thrown
[2026-05-22T20:25:01+00:00][sql] CONNECT:[ UseTime:0.001227s ] mysql:host=db;port=3306;dbname=campus;charset=utf8mb4
[2026-05-22T20:25:01+00:00][sql] SHOW FULL COLUMNS FROM `users` [ RunTime:0.001914s ]
[2026-05-22T20:25:01+00:00][sql] SELECT * FROM `users` WHERE  `username` = 'admin' LIMIT 1 [ RunTime:0.000533s ]
[2026-05-22T20:25:01+00:00][sql] UPDATE `users`  SET `failed_attempts` = 0 , `locked_until` = NULL  WHERE  `id` = 1 [ RunTime:0.000392s ]
[2026-05-22T20:25:01+00:00][sql] SHOW FULL COLUMNS FROM `audit_log` [ RunTime:0.000627s ]
[2026-05-22T20:25:01+00:00][sql] INSERT INTO `audit_log` SET `user_id` = 1 , `action` = 'login' , `entity_type` = 'user' , `entity_id` = 1 , `payload` = '[]' [ RunTime:0.000265s ]
[2026-05-22T20:25:01+00:00][info] login_success
[2026-05-22T20:25:01+00:00][info] request
[2026-05-22T20:25:01+00:00][error] [64]Cannot declare class app\controller\Activity because the name is already in use
[2026-05-22T20:25:02+00:00][error] [0]Class "app\exception\AuthException" not found
[2026-05-22T20:25:02+00:00][error] [0]Class "app\exception\AuthException" not found
[2026-05-22T20:25:02+00:00][error] [8192]htmlentities(): Passing null to parameter #1 ($string) of type string is deprecated
[2026-05-22T20:25:02+00:00][error] [8192]htmlentities(): Passing null to parameter #1 ($string) of type string is deprecated
[2026-05-22T20:25:02+00:00][error] [8192]htmlentities(): Passing null to parameter #1 ($string) of type string is deprecated
[2026-05-22T20:25:02+00:00][error] [8192]htmlentities(): Passing null to parameter #1 ($string) of type string is deprecated
[2026-05-22T20:25:02+00:00][error] [8192]htmlentities(): Passing null to parameter #1 ($string) of type string is deprecated
[2026-05-22T20:25:02+00:00][error] [8192]htmlentities(): Passing null to parameter #1 ($string) of type string is deprecated
[2026-05-22T20:25:02+00:00][error] [1]Uncaught think\exception\ErrorException: htmlentities(): Passing null to parameter #1 ($string) of type string is deprecated in /app/vendor/topthink/framework/src/tpl/think_exception.tpl:346
Stack trace:
#0 [internal function]: think\initializer\Error->appError(8192, 'htmlentities():...', '/app/vendor/top...', 346)
#1 /app/vendor/topthink/framework/src/tpl/think_exception.tpl(346): htmlentities(NULL)
#2 /app/vendor/topthink/framework/src/think/exception/Handle.php(224): include('/app/vendor/top...')
#3 /app/vendor/topthink/framework/src/think/exception/Handle.php(206): think\exception\Handle->renderExceptionContent(Object(think\exception\ErrorException))
#4 /app/vendor/topthink/framework/src/think/exception/Handle.php(111): think\exception\Handle->convertExceptionToResponse(Object(think\exception\ErrorException))
#5 /app/vendor/topthink/framework/src/think/initializer/Error.php(58): think\exception\Handle->render(Object(think\Request), Object(think\exception\ErrorException))
#6 [internal function]: think\initializer\Error->appException(Object(think\exception\ErrorException))
#7 {main}
  thrown
[2026-05-22T20:25:02+00:00][error] [1]Uncaught think\exception\ErrorException: htmlentities(): Passing null to parameter #1 ($string) of type string is deprecated in /app/vendor/topthink/framework/src/tpl/think_exception.tpl:346
Stack trace:
#0 [internal function]: think\initializer\Error->appError(8192, 'htmlentities():...', '/app/vendor/top...', 346)
#1 /app/vendor/topthink/framework/src/tpl/think_exception.tpl(346): htmlentities(NULL)
#2 /app/vendor/topthink/framework/src/think/exception/Handle.php(224): include('/app/vendor/top...')
#3 /app/vendor/topthink/framework/src/think/exception/Handle.php(206): think\exception\Handle->renderExceptionContent(Object(think\exception\ErrorException))
#4 /app/vendor/topthink/framework/src/think/exception/Handle.php(111): think\exception\Handle->convertExceptionToResponse(Object(think\exception\ErrorException))
#5 /app/vendor/topthink/framework/src/think/initializer/Error.php(58): think\exception\Handle->render(Object(think\Request), Object(think\exception\ErrorException))
#6 [internal function]: think\initializer\Error->appException(Object(think\exception\ErrorException))
#7 {main}
  thrown
[2026-05-22T20:25:03+00:00][error] [0]Class "app\exception\AuthException" not found
[2026-05-22T20:25:03+00:00][error] [8192]htmlentities(): Passing null to parameter #1 ($string) of type string is deprecated
[2026-05-22T20:25:03+00:00][error] [8192]htmlentities(): Passing null to parameter #1 ($string) of type string is deprecated
[2026-05-22T20:25:03+00:00][error] [8192]htmlentities(): Passing null to parameter #1 ($string) of type string is deprecated
[2026-05-22T20:25:03+00:00][error] [1]Uncaught think\exception\ErrorException: htmlentities(): Passing null to parameter #1 ($string) of type string is deprecated in /app/vendor/topthink/framework/src/tpl/think_exception.tpl:346
Stack trace:
#0 [internal function]: think\initializer\Error->appError(8192, 'htmlentities():...', '/app/vendor/top...', 346)
#1 /app/vendor/topthink/framework/src/tpl/think_exception.tpl(346): htmlentities(NULL)
#2 /app/vendor/topthink/framework/src/think/exception/Handle.php(224): include('/app/vendor/top...')
#3 /app/vendor/topthink/framework/src/think/exception/Handle.php(206): think\exception\Handle->renderExceptionContent(Object(think\exception\ErrorException))
#4 /app/vendor/topthink/framework/src/think/exception/Handle.php(111): think\exception\Handle->convertExceptionToResponse(Object(think\exception\ErrorException))
#5 /app/vendor/topthink/framework/src/think/initializer/Error.php(58): think\exception\Handle->render(Object(think\Request), Object(think\exception\ErrorException))
#6 [internal function]: think\initializer\Error->appException(Object(think\exception\ErrorException))
#7 {main}
  thrown
[2026-05-22T20:25:04+00:00][error] [0]Class "app\exception\AuthException" not found
[2026-05-22T20:25:04+00:00][error] [8192]htmlentities(): Passing null to parameter #1 ($string) of type string is deprecated
[2026-05-22T20:25:04+00:00][error] [8192]htmlentities(): Passing null to parameter #1 ($string) of type string is deprecated
[2026-05-22T20:25:04+00:00][error] [8192]htmlentities(): Passing null to parameter #1 ($string) of type string is deprecated
[2026-05-22T20:25:04+00:00][error] [1]Uncaught think\exception\ErrorException: htmlentities(): Passing null to parameter #1 ($string) of type string is deprecated in /app/vendor/topthink/framework/src/tpl/think_exception.tpl:346
Stack trace:
#0 [internal function]: think\initializer\Error->appError(8192, 'htmlentities():...', '/app/vendor/top...', 346)
#1 /app/vendor/topthink/framework/src/tpl/think_exception.tpl(346): htmlentities(NULL)
#2 /app/vendor/topthink/framework/src/think/exception/Handle.php(224): include('/app/vendor/top...')
#3 /app/vendor/topthink/framework/src/think/exception/Handle.php(206): think\exception\Handle->renderExceptionContent(Object(think\exception\ErrorException))
#4 /app/vendor/topthink/framework/src/think/exception/Handle.php(111): think\exception\Handle->convertExceptionToResponse(Object(think\exception\ErrorException))
#5 /app/vendor/topthink/framework/src/think/initializer/Error.php(58): think\exception\Handle->render(Object(think\Request), Object(think\exception\ErrorException))
#6 [internal function]: think\initializer\Error->appException(Object(think\exception\ErrorException))
#7 {main}
  thrown
[2026-05-22T20:25:07+00:00][sql] CONNECT:[ UseTime:0.001929s ] mysql:host=db;port=3306;dbname=campus;charset=utf8mb4
[2026-05-22T20:25:07+00:00][sql] SHOW FULL COLUMNS FROM `users` [ RunTime:0.002951s ]
[2026-05-22T20:25:07+00:00][sql] SELECT * FROM `users` WHERE  `username` = 'admin' LIMIT 1 [ RunTime:0.000401s ]
[2026-05-22T20:25:07+00:00][sql] UPDATE `users`  SET `failed_attempts` = 0 , `locked_until` = NULL  WHERE  `id` = 1 [ RunTime:0.000502s ]
[2026-05-22T20:25:07+00:00][sql] SHOW FULL COLUMNS FROM `audit_log` [ RunTime:0.000639s ]
[2026-05-22T20:25:07+00:00][sql] INSERT INTO `audit_log` SET `user_id` = 1 , `action` = 'login' , `entity_type` = 'user' , `entity_id` = 1 , `payload` = '[]' [ RunTime:0.000313s ]
[2026-05-22T20:25:07+00:00][info] login_success
[2026-05-22T20:25:07+00:00][info] request
[2026-05-22T20:25:07+00:00][error] [64]Cannot declare class app\controller\Activity because the name is already in use
[2026-05-22T20:25:13+00:00][sql] CONNECT:[ UseTime:0.001613s ] mysql:host=db;port=3306;dbname=campus;charset=utf8mb4
[2026-05-22T20:25:13+00:00][sql] SHOW FULL COLUMNS FROM `users` [ RunTime:0.002422s ]
[2026-05-22T20:25:13+00:00][sql] SELECT * FROM `users` WHERE  `username` = 'admin' LIMIT 1 [ RunTime:0.000468s ]
[2026-05-22T20:25:13+00:00][sql] UPDATE `users`  SET `failed_attempts` = 0 , `locked_until` = NULL  WHERE  `id` = 1 [ RunTime:0.000407s ]
[2026-05-22T20:25:13+00:00][sql] SHOW FULL COLUMNS FROM `audit_log` [ RunTime:0.000614s ]
[2026-05-22T20:25:13+00:00][sql] INSERT INTO `audit_log` SET `user_id` = 1 , `action` = 'login' , `entity_type` = 'user' , `entity_id` = 1 , `payload` = '[]' [ RunTime:0.000260s ]
[2026-05-22T20:25:13+00:00][info] login_success
[2026-05-22T20:25:13+00:00][info] request
[2026-05-22T20:25:13+00:00][error] [64]Cannot declare class app\controller\Activity because the name is already in use
[2026-05-22T20:25:56+00:00][error] [10501]SQLSTATE[HY000] [2002] Connection refused
[2026-05-22T20:25:56+00:00][error] [8192]htmlentities(): Passing null to parameter #1 ($string) of type string is deprecated
[2026-05-22T20:25:56+00:00][error] [8192]htmlentities(): Passing null to parameter #1 ($string) of type string is deprecated
[2026-05-22T20:25:56+00:00][error] [8192]htmlentities(): Passing null to parameter #1 ($string) of type string is deprecated
[2026-05-22T20:25:56+00:00][error] [8192]htmlentities(): Passing null to parameter #1 ($string) of type string is deprecated
[2026-05-22T20:25:56+00:00][error] [1]Uncaught think\exception\ErrorException: htmlentities(): Passing null to parameter #1 ($string) of type string is deprecated in /app/vendor/topthink/framework/src/tpl/think_exception.tpl:346
Stack trace:
#0 [internal function]: think\initializer\Error->appError(8192, 'htmlentities():...', '/app/vendor/top...', 346)
#1 /app/vendor/topthink/framework/src/tpl/think_exception.tpl(346): htmlentities(NULL)
#2 /app/vendor/topthink/framework/src/think/exception/Handle.php(224): include('/app/vendor/top...')
#3 /app/vendor/topthink/framework/src/think/exception/Handle.php(206): think\exception\Handle->renderExceptionContent(Object(think\exception\ErrorException))
#4 /app/vendor/topthink/framework/src/think/exception/Handle.php(111): think\exception\Handle->convertExceptionToResponse(Object(think\exception\ErrorException))
#5 /app/vendor/topthink/framework/src/think/initializer/Error.php(58): think\exception\Handle->render(Object(think\Request), Object(think\exception\ErrorException))
#6 [internal function]: think\initializer\Error->appException(Object(think\exception\ErrorException))
#7 {main}
  thrown
[2026-05-22T20:25:56+00:00][error] [0]Class "app\exception\AuthException" not found
[2026-05-22T20:25:56+00:00][error] [8192]htmlentities(): Passing null to parameter #1 ($string) of type string is deprecated
[2026-05-22T20:25:56+00:00][error] [8192]htmlentities(): Passing null to parameter #1 ($string) of type string is deprecated
[2026-05-22T20:25:56+00:00][error] [8192]htmlentities(): Passing null to parameter #1 ($string) of type string is deprecated
[2026-05-22T20:25:56+00:00][error] [1]Uncaught think\exception\ErrorException: htmlentities(): Passing null to parameter #1 ($string) of type string is deprecated in /app/vendor/topthink/framework/src/tpl/think_exception.tpl:346
Stack trace:
#0 [internal function]: think\initializer\Error->appError(8192, 'htmlentities():...', '/app/vendor/top...', 346)
#1 /app/vendor/topthink/framework/src/tpl/think_exception.tpl(346): htmlentities(NULL)
#2 /app/vendor/topthink/framework/src/think/exception/Handle.php(224): include('/app/vendor/top...')
#3 /app/vendor/topthink/framework/src/think/exception/Handle.php(206): think\exception\Handle->renderExceptionContent(Object(think\exception\ErrorException))
#4 /app/vendor/topthink/framework/src/think/exception/Handle.php(111): think\exception\Handle->convertExceptionToResponse(Object(think\exception\ErrorException))
#5 /app/vendor/topthink/framework/src/think/initializer/Error.php(58): think\exception\Handle->render(Object(think\Request), Object(think\exception\ErrorException))
#6 [internal function]: think\initializer\Error->appException(Object(think\exception\ErrorException))
#7 {main}
  thrown
